#
# There is insufficient memory for the Java Runtime Environment to continue.
# Native memory allocation (malloc) failed to allocate 32744 bytes for ChunkPool::allocate
# Possible reasons:
#   The system is out of physical RAM or swap space
#   The process is running with CompressedOops enabled, and the Java Heap may be blocking the growth of the native heap
# Possible solutions:
#   Reduce memory load on the system
#   Increase physical memory or swap space
#   Check if swap backing store is full
#   Decrease Java heap size (-Xmx/-Xms)
#   Decrease number of Java threads
#   Decrease Java thread stack sizes (-Xss)
#   Set larger code cache with -XX:ReservedCodeCacheSize=
#   JVM is running with Unscaled Compressed Oops mode in which the Java heap is
#     placed in the first 4GB address space. The Java Heap base address is the
#     maximum limit for the native heap growth. Please use -XX:HeapBaseMinAddress
#     to set the Java Heap base and to place the Java Heap above 4GB virtual address.
# This output file may be truncated or incomplete.
#
#  Out of Memory Error (./open/src/hotspot/share/memory/arena.cpp:79), pid=24652, tid=7128
#
# JRE version: OpenJDK Runtime Environment (14.0.1+7) (build 14.0.1+7)
# Java VM: OpenJDK 64-Bit Server VM (14.0.1+7, mixed mode, sharing, tiered, compressed oops, g1 gc, windows-amd64)
# No core dump will be written. Minidumps are not enabled by default on client versions of Windows
#

---------------  S U M M A R Y ------------

Command Line: -Dfile.encoding=UTF-8 ua.training.CruiseLineSpring.CruiseLineSpringApplication

Host: Intel(R) Core(TM) i5-8250U CPU @ 1.60GHz, 8 cores, 7G,  Windows 10 , 64 bit Build 19041 (10.0.19041.928)
Time: Fri Apr 30 21:51:13 2021 Финляндия (лето) elapsed time: 21 seconds (0d 0h 0m 21s)

---------------  T H R E A D  ---------------

Current thread (0x000002e03d3e5800):  JavaThread "C2 CompilerThread1" daemon [_thread_in_native, id=7128, stack(0x000000f571300000,0x000000f571400000)]


Current CompileTask:
C2:  21420 5529       4       org.springframework.asm.Frame::execute (2305 bytes)

Stack: [0x000000f571300000,0x000000f571400000]
Native frames: (J=compiled Java code, j=interpreted, Vv=VM code, C=native code)
V  [jvm.dll+0x5f840a]
V  [jvm.dll+0x741e4a]
V  [jvm.dll+0x7435ff]
V  [jvm.dll+0x743c43]
V  [jvm.dll+0x20d288]
V  [jvm.dll+0xabea6]
V  [jvm.dll+0xac1fc]
V  [jvm.dll+0x32132c]
V  [jvm.dll+0x4f3236]
V  [jvm.dll+0x4f23d0]
V  [jvm.dll+0x4f2c55]
V  [jvm.dll+0x2e6b77]
V  [jvm.dll+0x2e5f4a]
V  [jvm.dll+0x1e5e16]
V  [jvm.dll+0x1e50b8]
V  [jvm.dll+0x1779cc]
V  [jvm.dll+0x1f4105]
V  [jvm.dll+0x1f22eb]
V  [jvm.dll+0x706a9d]
V  [jvm.dll+0x6ff8ba]
V  [jvm.dll+0x5f72c6]
C  [ucrtbase.dll+0x21bb2]
C  [KERNEL32.DLL+0x17034]
C  [ntdll.dll+0x52651]


---------------  P R O C E S S  ---------------

Threads class SMR info:
_java_thread_list=0x000002e03d1d60f0, length=30, elements={
0x000002e038679800, 0x000002e03867a800, 0x000002e038695800, 0x000002e038698800,
0x000002e03869a800, 0x000002e03869b800, 0x000002e038fbb800, 0x000002e038fcf000,
0x000002e039130800, 0x000002e039113000, 0x000002e03d144800, 0x000002e03aa14000,
0x000002e03965d000, 0x000002e03e6ee000, 0x000002e03aba6800, 0x000002e03c12e000,
0x000002e03c128800, 0x000002e03c12f000, 0x000002e03c12b800, 0x000002e03c12c800,
0x000002e03c12d000, 0x000002e03c129000, 0x000002e03c12a000, 0x000002e03c12a800,
0x000002e03e3aa000, 0x000002e03e3a8800, 0x000002e03e3ab000, 0x000002e03e3ac000,
0x000002e03e3a6000, 0x000002e03d3e5800
}

Java Threads: ( => current thread )
  0x000002e038679800 JavaThread "Reference Handler" daemon [_thread_blocked, id=33360, stack(0x000000f570800000,0x000000f570900000)]
  0x000002e03867a800 JavaThread "Finalizer" daemon [_thread_blocked, id=35484, stack(0x000000f570900000,0x000000f570a00000)]
  0x000002e038695800 JavaThread "Signal Dispatcher" daemon [_thread_blocked, id=29580, stack(0x000000f570a00000,0x000000f570b00000)]
  0x000002e038698800 JavaThread "Attach Listener" daemon [_thread_blocked, id=32892, stack(0x000000f570b00000,0x000000f570c00000)]
  0x000002e03869a800 JavaThread "Service Thread" daemon [_thread_blocked, id=35232, stack(0x000000f570c00000,0x000000f570d00000)]
  0x000002e03869b800 JavaThread "C2 CompilerThread0" daemon [_thread_in_native, id=3208, stack(0x000000f570d00000,0x000000f570e00000)]
  0x000002e038fbb800 JavaThread "C1 CompilerThread0" daemon [_thread_blocked, id=26036, stack(0x000000f570e00000,0x000000f570f00000)]
  0x000002e038fcf000 JavaThread "Sweeper thread" daemon [_thread_blocked, id=34844, stack(0x000000f570f00000,0x000000f571000000)]
  0x000002e039130800 JavaThread "Notification Thread" daemon [_thread_blocked, id=14564, stack(0x000000f571000000,0x000000f571100000)]
  0x000002e039113000 JavaThread "Common-Cleaner" daemon [_thread_blocked, id=29408, stack(0x000000f571200000,0x000000f571300000)]
  0x000002e03d144800 JavaThread "mysql-cj-abandoned-connection-cleanup" daemon [_thread_blocked, id=36568, stack(0x000000f571800000,0x000000f571900000)]
  0x000002e03aa14000 JavaThread "HikariPool-1 housekeeper" daemon [_thread_blocked, id=1096, stack(0x000000f571a00000,0x000000f571b00000)]
  0x000002e03965d000 JavaThread "Catalina-utility-1" [_thread_blocked, id=33912, stack(0x000000f571c00000,0x000000f571d00000)]
  0x000002e03e6ee000 JavaThread "Catalina-utility-2" [_thread_blocked, id=32536, stack(0x000000f571d00000,0x000000f571e00000)]
  0x000002e03aba6800 JavaThread "container-0" [_thread_blocked, id=20164, stack(0x000000f571e00000,0x000000f571f00000)]
  0x000002e03c12e000 JavaThread "http-nio-8080-BlockPoller" daemon [_thread_in_native, id=33540, stack(0x000000f572300000,0x000000f572400000)]
  0x000002e03c128800 JavaThread "http-nio-8080-exec-1" daemon [_thread_blocked, id=7304, stack(0x000000f572400000,0x000000f572500000)]
  0x000002e03c12f000 JavaThread "http-nio-8080-exec-2" daemon [_thread_blocked, id=28256, stack(0x000000f572500000,0x000000f572600000)]
  0x000002e03c12b800 JavaThread "http-nio-8080-exec-3" daemon [_thread_blocked, id=34184, stack(0x000000f572600000,0x000000f572700000)]
  0x000002e03c12c800 JavaThread "http-nio-8080-exec-4" daemon [_thread_blocked, id=4824, stack(0x000000f572700000,0x000000f572800000)]
  0x000002e03c12d000 JavaThread "http-nio-8080-exec-5" daemon [_thread_blocked, id=23260, stack(0x000000f572800000,0x000000f572900000)]
  0x000002e03c129000 JavaThread "http-nio-8080-exec-6" daemon [_thread_blocked, id=21188, stack(0x000000f572900000,0x000000f572a00000)]
  0x000002e03c12a000 JavaThread "http-nio-8080-exec-7" daemon [_thread_blocked, id=12072, stack(0x000000f572a00000,0x000000f572b00000)]
  0x000002e03c12a800 JavaThread "http-nio-8080-exec-8" daemon [_thread_blocked, id=35732, stack(0x000000f572b00000,0x000000f572c00000)]
  0x000002e03e3aa000 JavaThread "http-nio-8080-exec-9" daemon [_thread_blocked, id=28944, stack(0x000000f572c00000,0x000000f572d00000)]
  0x000002e03e3a8800 JavaThread "http-nio-8080-exec-10" daemon [_thread_blocked, id=29392, stack(0x000000f572d00000,0x000000f572e00000)]
  0x000002e03e3ab000 JavaThread "http-nio-8080-ClientPoller" daemon [_thread_in_native, id=9984, stack(0x000000f572e00000,0x000000f572f00000)]
  0x000002e03e3ac000 JavaThread "http-nio-8080-Acceptor" daemon [_thread_in_native, id=31888, stack(0x000000f572f00000,0x000000f573000000)]
  0x000002e03e3a6000 JavaThread "DestroyJavaVM" [_thread_blocked, id=22044, stack(0x000000f570100000,0x000000f570200000)]
=>0x000002e03d3e5800 JavaThread "C2 CompilerThread1" daemon [_thread_in_native, id=7128, stack(0x000000f571300000,0x000000f571400000)]

Other Threads:
  0x000002e038678800 VMThread "VM Thread" [stack: 0x000000f570700000,0x000000f570800000] [id=32368] _threads_hazard_ptr=0x000002e03d1d60f0
  0x000002e039127800 WatcherThread [stack: 0x000000f571100000,0x000000f571200000] [id=34436]
  0x000002e01966d000 GCTaskThread "GC Thread#0" [stack: 0x000000f570200000,0x000000f570300000] [id=32808]
  0x000002e039d20800 GCTaskThread "GC Thread#1" [stack: 0x000000f571400000,0x000000f571500000] [id=35080]
  0x000002e039d1e800 GCTaskThread "GC Thread#2" [stack: 0x000000f571500000,0x000000f571600000] [id=7288]
  0x000002e039f5c000 GCTaskThread "GC Thread#3" [stack: 0x000000f571700000,0x000000f571800000] [id=2828]
  0x000002e03a441000 GCTaskThread "GC Thread#4" [stack: 0x000000f571f00000,0x000000f572000000] [id=15492]
  0x000002e03a443000 GCTaskThread "GC Thread#5" [stack: 0x000000f572000000,0x000000f572100000] [id=21556]
  0x000002e03a446800 GCTaskThread "GC Thread#6" [stack: 0x000000f572100000,0x000000f572200000] [id=30732]
  0x000002e03a447000 GCTaskThread "GC Thread#7" [stack: 0x000000f572200000,0x000000f572300000] [id=34396]
  0x000002e019680000 ConcurrentGCThread "G1 Main Marker" [stack: 0x000000f570300000,0x000000f570400000] [id=30640]
  0x000002e019681800 ConcurrentGCThread "G1 Conc#0" [stack: 0x000000f570400000,0x000000f570500000] [id=32572]
  0x000002e03a22e000 ConcurrentGCThread "G1 Conc#1" [stack: 0x000000f571600000,0x000000f571700000] [id=32408]
  0x000002e0196fe800 ConcurrentGCThread "G1 Refine#0" [stack: 0x000000f570500000,0x000000f570600000] [id=28012]
  0x000002e0384ef000 ConcurrentGCThread "G1 Young RemSet Sampling" [stack: 0x000000f570600000,0x000000f570700000] [id=6584]

Threads with active compile tasks:
C2 CompilerThread0    21467 5544       4       java.security.SecureClassLoader::defineClass (16 bytes)
C2 CompilerThread1    21467 5529       4       org.springframework.asm.Frame::execute (2305 bytes)

VM state:at safepoint (normal execution)

VM Mutex/Monitor currently owned by a thread:  ([mutex/lock_event])
[0x000002e019624820] Threads_lock - owner thread: 0x000002e038678800

Heap address: 0x0000000081e00000, size: 2018 MB, Compressed Oops mode: 32-bit
Narrow klass base: 0x0000000800000000, Narrow klass shift: 3
Compressed class space size: 1073741824 Address: 0x0000000800b30000

Heap:
 garbage-first heap   total 65536K, used 31780K [0x0000000081e00000, 0x0000000100000000)
  region size 1024K, 8 young (8192K), 2 survivors (2048K)
 Metaspace       used 59218K, capacity 60794K, committed 61136K, reserved 1101824K
  class space    used 7900K, capacity 8470K, committed 8576K, reserved 1048576K
Heap Regions: E=young(eden), S=young(survivor), O=old, HS=humongous(starts), HC=humongous(continues), CS=collection set, F=free, OA=open archive, CA=closed archive, TAMS=top-at-mark-start (previous, next)
|   0|0x0000000081e00000, 0x0000000081f00000, 0x0000000081f00000|100%|HS|  |TAMS 0x0000000081f00000, 0x0000000081e00000| Complete 
|   1|0x0000000081f00000, 0x0000000082000000, 0x0000000082000000|100%| O|  |TAMS 0x0000000082000000, 0x0000000081f00000| Untracked 
|   2|0x0000000082000000, 0x0000000082100000, 0x0000000082100000|100%| O|  |TAMS 0x0000000082100000, 0x0000000082000000| Untracked 
|   3|0x0000000082100000, 0x0000000082200000, 0x0000000082200000|100%| O|  |TAMS 0x0000000082200000, 0x0000000082100000| Untracked 
|   4|0x0000000082200000, 0x0000000082300000, 0x0000000082300000|100%| O|  |TAMS 0x0000000082300000, 0x0000000082200000| Untracked 
|   5|0x0000000082300000, 0x0000000082400000, 0x0000000082400000|100%| O|  |TAMS 0x0000000082400000, 0x0000000082300000| Untracked 
|   6|0x0000000082400000, 0x0000000082427800, 0x0000000082500000| 15%| O|  |TAMS 0x0000000082427800, 0x0000000082400000| Untracked 
|   7|0x0000000082500000, 0x0000000082600000, 0x0000000082600000|100%| O|  |TAMS 0x0000000082600000, 0x0000000082500000| Untracked 
|   8|0x0000000082600000, 0x0000000082700000, 0x0000000082700000|100%| O|  |TAMS 0x0000000082700000, 0x0000000082600000| Untracked 
|   9|0x0000000082700000, 0x0000000082800000, 0x0000000082800000|100%| O|  |TAMS 0x0000000082800000, 0x0000000082700000| Untracked 
|  10|0x0000000082800000, 0x0000000082900000, 0x0000000082900000|100%| O|  |TAMS 0x0000000082900000, 0x0000000082800000| Untracked 
|  11|0x0000000082900000, 0x0000000082a00000, 0x0000000082a00000|100%| O|  |TAMS 0x0000000082a00000, 0x0000000082900000| Untracked 
|  12|0x0000000082a00000, 0x0000000082b00000, 0x0000000082b00000|100%| O|  |TAMS 0x0000000082b00000, 0x0000000082a00000| Untracked 
|  13|0x0000000082b00000, 0x0000000082c00000, 0x0000000082c00000|100%| O|  |TAMS 0x0000000082c00000, 0x0000000082b00000| Untracked 
|  14|0x0000000082c00000, 0x0000000082c92c00, 0x0000000082d00000| 57%| O|  |TAMS 0x0000000082c92c00, 0x0000000082c00000| Untracked 
|  15|0x0000000082d00000, 0x0000000082e00000, 0x0000000082e00000|100%| O|  |TAMS 0x0000000082e00000, 0x0000000082d00000| Untracked 
|  16|0x0000000082e00000, 0x0000000082f00000, 0x0000000082f00000|100%| O|  |TAMS 0x0000000082f00000, 0x0000000082e00000| Untracked 
|  17|0x0000000082f00000, 0x0000000083000000, 0x0000000083000000|100%| O|  |TAMS 0x0000000083000000, 0x0000000082f00000| Untracked 
|  18|0x0000000083000000, 0x0000000083100000, 0x0000000083100000|100%| O|  |TAMS 0x0000000083100000, 0x0000000083000000| Untracked 
|  19|0x0000000083100000, 0x0000000083200000, 0x0000000083200000|100%| O|  |TAMS 0x0000000083200000, 0x0000000083100000| Untracked 
|  20|0x0000000083200000, 0x0000000083300000, 0x0000000083300000|100%| O|  |TAMS 0x0000000083300000, 0x0000000083200000| Untracked 
|  21|0x0000000083300000, 0x0000000083400000, 0x0000000083400000|100%| O|  |TAMS 0x0000000083400000, 0x0000000083300000| Untracked 
|  22|0x0000000083400000, 0x0000000083500000, 0x0000000083500000|100%| O|  |TAMS 0x0000000083500000, 0x0000000083400000| Untracked 
|  23|0x0000000083500000, 0x0000000083600000, 0x0000000083600000|100%| O|  |TAMS 0x0000000083600000, 0x0000000083500000| Untracked 
|  24|0x0000000083600000, 0x0000000083700000, 0x0000000083700000|100%| O|  |TAMS 0x0000000083626800, 0x0000000083600000| Untracked 
|  25|0x0000000083700000, 0x000000008376f800, 0x0000000083800000| 43%| O|  |TAMS 0x0000000083700000, 0x0000000083700000| Untracked 
|  26|0x0000000083800000, 0x0000000083800000, 0x0000000083900000|  0%| F|  |TAMS 0x0000000083800000, 0x0000000083800000| Untracked 
|  27|0x0000000083900000, 0x0000000083900000, 0x0000000083a00000|  0%| F|  |TAMS 0x0000000083900000, 0x0000000083900000| Untracked 
|  28|0x0000000083a00000, 0x0000000083a00000, 0x0000000083b00000|  0%| F|  |TAMS 0x0000000083a00000, 0x0000000083a00000| Untracked 
|  29|0x0000000083b00000, 0x0000000083b00000, 0x0000000083c00000|  0%| F|  |TAMS 0x0000000083b00000, 0x0000000083b00000| Untracked 
|  30|0x0000000083c00000, 0x0000000083c00000, 0x0000000083d00000|  0%| F|  |TAMS 0x0000000083c00000, 0x0000000083c00000| Untracked 
|  31|0x0000000083d00000, 0x0000000083d00000, 0x0000000083e00000|  0%| F|  |TAMS 0x0000000083d00000, 0x0000000083d00000| Untracked 
|  32|0x0000000083e00000, 0x0000000083e00000, 0x0000000083f00000|  0%| F|  |TAMS 0x0000000083e00000, 0x0000000083e00000| Untracked 
|  33|0x0000000083f00000, 0x0000000083f00000, 0x0000000084000000|  0%| F|  |TAMS 0x0000000083f00000, 0x0000000083f00000| Untracked 
|  34|0x0000000084000000, 0x0000000084000000, 0x0000000084100000|  0%| F|  |TAMS 0x0000000084000000, 0x0000000084000000| Untracked 
|  35|0x0000000084100000, 0x0000000084100000, 0x0000000084200000|  0%| F|  |TAMS 0x0000000084100000, 0x0000000084100000| Untracked 
|  36|0x0000000084200000, 0x0000000084200000, 0x0000000084300000|  0%| F|  |TAMS 0x0000000084200000, 0x0000000084200000| Untracked 
|  37|0x0000000084300000, 0x0000000084300000, 0x0000000084400000|  0%| F|  |TAMS 0x0000000084300000, 0x0000000084300000| Untracked 
|  38|0x0000000084400000, 0x0000000084400000, 0x0000000084500000|  0%| F|  |TAMS 0x0000000084400000, 0x0000000084400000| Untracked 
|  39|0x0000000084500000, 0x0000000084500000, 0x0000000084600000|  0%| F|  |TAMS 0x0000000084500000, 0x0000000084500000| Untracked 
|  40|0x0000000084600000, 0x0000000084600000, 0x0000000084700000|  0%| F|  |TAMS 0x0000000084600000, 0x0000000084600000| Untracked 
|  41|0x0000000084700000, 0x0000000084700000, 0x0000000084800000|  0%| F|  |TAMS 0x0000000084700000, 0x0000000084700000| Untracked 
|  42|0x0000000084800000, 0x0000000084800000, 0x0000000084900000|  0%| F|  |TAMS 0x0000000084800000, 0x0000000084800000| Untracked 
|  43|0x0000000084900000, 0x0000000084900000, 0x0000000084a00000|  0%| F|  |TAMS 0x0000000084900000, 0x0000000084900000| Untracked 
|  44|0x0000000084a00000, 0x0000000084a00000, 0x0000000084b00000|  0%| F|  |TAMS 0x0000000084a00000, 0x0000000084a00000| Untracked 
|  45|0x0000000084b00000, 0x0000000084b00000, 0x0000000084c00000|  0%| F|  |TAMS 0x0000000084b00000, 0x0000000084b00000| Untracked 
|  46|0x0000000084c00000, 0x0000000084c00000, 0x0000000084d00000|  0%| F|  |TAMS 0x0000000084c00000, 0x0000000084c00000| Untracked 
|  47|0x0000000084d00000, 0x0000000084d00000, 0x0000000084e00000|  0%| F|  |TAMS 0x0000000084d00000, 0x0000000084d00000| Untracked 
|  48|0x0000000084e00000, 0x0000000084e00000, 0x0000000084f00000|  0%| F|  |TAMS 0x0000000084e00000, 0x0000000084e00000| Untracked 
|  49|0x0000000084f00000, 0x0000000084f00000, 0x0000000085000000|  0%| F|  |TAMS 0x0000000084f00000, 0x0000000084f00000| Untracked 
|  50|0x0000000085000000, 0x0000000085000000, 0x0000000085100000|  0%| F|  |TAMS 0x0000000085000000, 0x0000000085000000| Untracked 
|  51|0x0000000085100000, 0x0000000085100000, 0x0000000085200000|  0%| F|  |TAMS 0x0000000085100000, 0x0000000085100000| Untracked 
|  52|0x0000000085200000, 0x0000000085200000, 0x0000000085300000|  0%| F|  |TAMS 0x0000000085200000, 0x0000000085200000| Untracked 
|  53|0x0000000085300000, 0x0000000085300000, 0x0000000085400000|  0%| F|  |TAMS 0x0000000085300000, 0x0000000085300000| Untracked 
|  54|0x0000000085400000, 0x0000000085400000, 0x0000000085500000|  0%| F|  |TAMS 0x0000000085400000, 0x0000000085400000| Untracked 
|  55|0x0000000085500000, 0x0000000085500000, 0x0000000085600000|  0%| F|  |TAMS 0x0000000085500000, 0x0000000085500000| Untracked 
|  56|0x0000000085600000, 0x000000008562ab58, 0x0000000085700000| 16%| E|  |TAMS 0x0000000085600000, 0x0000000085600000| Complete 
|  57|0x0000000085700000, 0x0000000085800000, 0x0000000085800000|100%| E|CS|TAMS 0x0000000085700000, 0x0000000085700000| Complete 
|  58|0x0000000085800000, 0x0000000085900000, 0x0000000085900000|100%| E|CS|TAMS 0x0000000085800000, 0x0000000085800000| Complete 
|  59|0x0000000085900000, 0x00000000859df718, 0x0000000085a00000| 87%| S|CS|TAMS 0x0000000085900000, 0x0000000085900000| Complete 
|  60|0x0000000085a00000, 0x0000000085b00000, 0x0000000085b00000|100%| S|CS|TAMS 0x0000000085a00000, 0x0000000085a00000| Complete 
|  61|0x0000000085b00000, 0x0000000085c00000, 0x0000000085c00000|100%| E|CS|TAMS 0x0000000085b00000, 0x0000000085b00000| Complete 
|  62|0x0000000085c00000, 0x0000000085d00000, 0x0000000085d00000|100%| E|CS|TAMS 0x0000000085c00000, 0x0000000085c00000| Complete 
| 127|0x0000000089d00000, 0x0000000089e00000, 0x0000000089e00000|100%| E|CS|TAMS 0x0000000089d00000, 0x0000000089d00000| Complete 

Card table byte_map: [0x000002e0314f0000,0x000002e0318f0000] _byte_map_base: 0x000002e0310e1000

Marking Bits (Prev, Next): (CMBitMap*) 0x000002e01966dfc8, (CMBitMap*) 0x000002e01966df88
 Prev Bits: [0x000002e033c80000, 0x000002e035c08000)
 Next Bits: [0x000002e031cf0000, 0x000002e033c78000)

Polling page: 0x000002e0175a0000

Metaspace:

Usage:
  Non-class:     51.10 MB capacity,    50.12 MB ( 98%) used,   809.12 KB (  2%) free+waste,   196.00 KB ( <1%) overhead. 
      Class:      8.27 MB capacity,     7.71 MB ( 93%) used,   477.96 KB (  6%) free+waste,    92.00 KB (  1%) overhead. 
       Both:     59.37 MB capacity,    57.83 MB ( 97%) used,     1.26 MB (  2%) free+waste,   288.00 KB ( <1%) overhead. 

Virtual space:
  Non-class space:       52.00 MB reserved,      51.33 MB ( 99%) committed 
      Class space:        1.00 GB reserved,       8.38 MB ( <1%) committed 
             Both:        1.05 GB reserved,      59.70 MB (  6%) committed 

Chunk freelists:
   Non-Class:  12.00 KB
       Class:  10.00 KB
        Both:  22.00 KB

MaxMetaspaceSize: 17179869184.00 GB
CompressedClassSpaceSize: 1.00 GB

CodeHeap 'non-profiled nmethods': size=120000Kb used=3019Kb max_used=3019Kb free=116980Kb
 bounds [0x000002e029890000, 0x000002e029bc0000, 0x000002e030dc0000]
CodeHeap 'profiled nmethods': size=120000Kb used=10121Kb max_used=10590Kb free=109878Kb
 bounds [0x000002e022360000, 0x000002e022dc0000, 0x000002e029890000]
CodeHeap 'non-nmethods': size=5760Kb used=1316Kb max_used=1372Kb free=4444Kb
 bounds [0x000002e021dc0000, 0x000002e022030000, 0x000002e022360000]
 total_blobs=7578 nmethods=4778 adapters=517
 compilation: enabled
              stopped_count=0, restarted_count=0
 full_count=0

Compilation events (20 events):
Event: 21.324 Thread 0x000002e03d3e5800 5529       4       org.springframework.asm.Frame::execute (2305 bytes)
Event: 21.336 Thread 0x000002e038fbb800 5540       3       org.springframework.security.crypto.bcrypt.BCrypt::key (196 bytes)
Event: 21.337 Thread 0x000002e038fbb800 nmethod 5540 0x000002e022871610 code [0x000002e022871840, 0x000002e0228722b8]
Event: 21.338 Thread 0x000002e03869b800 nmethod 5500 0x000002e0299fe610 code [0x000002e0299feae0, 0x000002e029a01900]
Event: 21.338 Thread 0x000002e03869b800 5539       4       org.springframework.security.crypto.bcrypt.BCrypt::encipher (253 bytes)
Event: 21.352 Thread 0x000002e03869b800 nmethod 5539 0x000002e02995b490 code [0x000002e02995b6c0, 0x000002e02995c298]
Event: 21.352 Thread 0x000002e03869b800 5541 %     4       org.springframework.security.crypto.bcrypt.BCrypt::key @ 151 (196 bytes)
Event: 21.356 Thread 0x000002e03869b800 nmethod 5541% 0x000002e0299cc890 code [0x000002e0299cca60, 0x000002e0299cccc8]
Event: 21.356 Thread 0x000002e03869b800 5542       4       org.springframework.security.crypto.bcrypt.BCrypt::streamtowords (111 bytes)
Event: 21.359 Thread 0x000002e03869b800 nmethod 5542 0x000002e0299cc110 code [0x000002e0299cc2e0, 0x000002e0299cc678]
Event: 21.359 Thread 0x000002e03869b800 5543       4       org.springframework.security.crypto.bcrypt.BCrypt::key (196 bytes)
Event: 21.368 Thread 0x000002e03869b800 nmethod 5543 0x000002e029aecc90 code [0x000002e029aecee0, 0x000002e029aed618]
Event: 21.368 Thread 0x000002e03869b800 5530       4       org.springframework.asm.Frame::push (109 bytes)
Event: 21.371 Thread 0x000002e03869b800 nmethod 5530 0x000002e0299cb890 code [0x000002e0299cba40, 0x000002e0299cbd58]
Event: 21.371 Thread 0x000002e03869b800 5523       4       java.util.Arrays$ArrayItr::hasNext (18 bytes)
Event: 21.372 Thread 0x000002e03869b800 nmethod 5523 0x000002e02995b010 code [0x000002e02995b1a0, 0x000002e02995b258]
Event: 21.372 Thread 0x000002e03869b800 5502       4       java.lang.String::<init> (14 bytes)
Event: 21.376 Thread 0x000002e03869b800 nmethod 5502 0x000002e0299b8210 code [0x000002e0299b8400, 0x000002e0299b8b98]
Event: 21.377 Thread 0x000002e03869b800 5512       4       jdk.internal.org.objectweb.asm.ClassReader::readUnsignedShort (26 bytes)
Event: 21.377 Thread 0x000002e03869b800 nmethod 5512 0x000002e029aec890 code [0x000002e029aeca40, 0x000002e029aecb78]

GC Heap History (20 events):
Event: 3.203 GC heap before
{Heap before GC invocations=7 (full 0):
 garbage-first heap   total 58368K, used 42119K [0x0000000081e00000, 0x0000000100000000)
  region size 1024K, 32 young (32768K), 4 survivors (4096K)
 Metaspace       used 26187K, capacity 27105K, committed 27312K, reserved 1073152K
  class space    used 3310K, capacity 3713K, committed 3840K, reserved 1048576K
}
Event: 3.210 GC heap after
{Heap after GC invocations=8 (full 0):
 garbage-first heap   total 58368K, used 14362K [0x0000000081e00000, 0x0000000100000000)
  region size 1024K, 2 young (2048K), 2 survivors (2048K)
 Metaspace       used 26187K, capacity 27105K, committed 27312K, reserved 1073152K
  class space    used 3310K, capacity 3713K, committed 3840K, reserved 1048576K
}
Event: 3.918 GC heap before
{Heap before GC invocations=8 (full 0):
 garbage-first heap   total 58368K, used 44058K [0x0000000081e00000, 0x0000000100000000)
  region size 1024K, 31 young (31744K), 2 survivors (2048K)
 Metaspace       used 30126K, capacity 31123K, committed 31280K, reserved 1077248K
  class space    used 3774K, capacity 4177K, committed 4224K, reserved 1048576K
}
Event: 3.926 GC heap after
{Heap after GC invocations=9 (full 0):
 garbage-first heap   total 58368K, used 15855K [0x0000000081e00000, 0x0000000100000000)
  region size 1024K, 3 young (3072K), 3 survivors (3072K)
 Metaspace       used 30126K, capacity 31123K, committed 31280K, reserved 1077248K
  class space    used 3774K, capacity 4177K, committed 4224K, reserved 1048576K
}
Event: 4.360 GC heap before
{Heap before GC invocations=9 (full 0):
 garbage-first heap   total 58368K, used 38383K [0x0000000081e00000, 0x0000000100000000)
  region size 1024K, 26 young (26624K), 3 survivors (3072K)
 Metaspace       used 34747K, capacity 35789K, committed 35888K, reserved 1081344K
  class space    used 4560K, capacity 4941K, committed 4992K, reserved 1048576K
}
Event: 4.367 GC heap after
{Heap after GC invocations=10 (full 0):
 garbage-first heap   total 70656K, used 16832K [0x0000000081e00000, 0x0000000100000000)
  region size 1024K, 3 young (3072K), 3 survivors (3072K)
 Metaspace       used 34747K, capacity 35789K, committed 35888K, reserved 1081344K
  class space    used 4560K, capacity 4941K, committed 4992K, reserved 1048576K
}
Event: 5.014 GC heap before
{Heap before GC invocations=11 (full 0):
 garbage-first heap   total 65536K, used 51648K [0x0000000081e00000, 0x0000000100000000)
  region size 1024K, 38 young (38912K), 3 survivors (3072K)
 Metaspace       used 42136K, capacity 43256K, committed 43568K, reserved 1087488K
  class space    used 5536K, capacity 5935K, committed 6016K, reserved 1048576K
}
Event: 5.024 GC heap after
{Heap after GC invocations=12 (full 0):
 garbage-first heap   total 65536K, used 19738K [0x0000000081e00000, 0x0000000100000000)
  region size 1024K, 5 young (5120K), 5 survivors (5120K)
 Metaspace       used 42136K, capacity 43256K, committed 43568K, reserved 1087488K
  class space    used 5536K, capacity 5935K, committed 6016K, reserved 1048576K
}
Event: 5.833 GC heap before
{Heap before GC invocations=12 (full 0):
 garbage-first heap   total 65536K, used 50458K [0x0000000081e00000, 0x0000000100000000)
  region size 1024K, 35 young (35840K), 5 survivors (5120K)
 Metaspace       used 47661K, capacity 48815K, committed 49072K, reserved 1091584K
  class space    used 6381K, capacity 6827K, committed 6912K, reserved 1048576K
}
Event: 5.843 GC heap after
{Heap after GC invocations=13 (full 0):
 garbage-first heap   total 65536K, used 21639K [0x0000000081e00000, 0x0000000100000000)
  region size 1024K, 2 young (2048K), 2 survivors (2048K)
 Metaspace       used 47661K, capacity 48815K, committed 49072K, reserved 1091584K
  class space    used 6381K, capacity 6827K, committed 6912K, reserved 1048576K
}
Event: 6.222 GC heap before
{Heap before GC invocations=13 (full 0):
 garbage-first heap   total 65536K, used 50311K [0x0000000081e00000, 0x0000000100000000)
  region size 1024K, 30 young (30720K), 2 survivors (2048K)
 Metaspace       used 51512K, capacity 52826K, committed 52912K, reserved 1095680K
  class space    used 6898K, capacity 7396K, committed 7424K, reserved 1048576K
}
Event: 6.226 GC heap after
{Heap after GC invocations=14 (full 0):
 garbage-first heap   total 65536K, used 22256K [0x0000000081e00000, 0x0000000100000000)
  region size 1024K, 3 young (3072K), 3 survivors (3072K)
 Metaspace       used 51512K, capacity 52826K, committed 52912K, reserved 1095680K
  class space    used 6898K, capacity 7396K, committed 7424K, reserved 1048576K
}
Event: 6.509 GC heap before
{Heap before GC invocations=14 (full 0):
 garbage-first heap   total 65536K, used 50928K [0x0000000081e00000, 0x0000000100000000)
  region size 1024K, 31 young (31744K), 3 survivors (3072K)
 Metaspace       used 52492K, capacity 53855K, committed 54192K, reserved 1095680K
  class space    used 7005K, capacity 7555K, committed 7680K, reserved 1048576K
}
Event: 6.512 GC heap after
{Heap after GC invocations=15 (full 0):
 garbage-first heap   total 65536K, used 23621K [0x0000000081e00000, 0x0000000100000000)
  region size 1024K, 3 young (3072K), 3 survivors (3072K)
 Metaspace       used 52492K, capacity 53855K, committed 54192K, reserved 1095680K
  class space    used 7005K, capacity 7555K, committed 7680K, reserved 1048576K
}
Event: 6.866 GC heap before
{Heap before GC invocations=15 (full 0):
 garbage-first heap   total 65536K, used 51269K [0x0000000081e00000, 0x0000000100000000)
  region size 1024K, 30 young (30720K), 3 survivors (3072K)
 Metaspace       used 55365K, capacity 56884K, committed 57136K, reserved 1097728K
  class space    used 7399K, capacity 7986K, committed 8064K, reserved 1048576K
}
Event: 6.870 GC heap after
{Heap after GC invocations=16 (full 0):
 garbage-first heap   total 65536K, used 25010K [0x0000000081e00000, 0x0000000100000000)
  region size 1024K, 3 young (3072K), 3 survivors (3072K)
 Metaspace       used 55365K, capacity 56884K, committed 57136K, reserved 1097728K
  class space    used 7399K, capacity 7986K, committed 8064K, reserved 1048576K
}
Event: 21.233 GC heap before
{Heap before GC invocations=16 (full 0):
 garbage-first heap   total 65536K, used 50610K [0x0000000081e00000, 0x0000000100000000)
  region size 1024K, 28 young (28672K), 3 survivors (3072K)
 Metaspace       used 58330K, capacity 59824K, committed 60080K, reserved 1101824K
  class space    used 7771K, capacity 8339K, committed 8448K, reserved 1048576K
}
Event: 21.239 GC heap after
{Heap after GC invocations=17 (full 0):
 garbage-first heap   total 65536K, used 26482K [0x0000000081e00000, 0x0000000100000000)
  region size 1024K, 3 young (3072K), 3 survivors (3072K)
 Metaspace       used 58330K, capacity 59824K, committed 60080K, reserved 1101824K
  class space    used 7771K, capacity 8339K, committed 8448K, reserved 1048576K
}
Event: 21.271 GC heap before
{Heap before GC invocations=17 (full 0):
 garbage-first heap   total 65536K, used 27506K [0x0000000081e00000, 0x0000000100000000)
  region size 1024K, 6 young (6144K), 3 survivors (3072K)
 Metaspace       used 58662K, capacity 60144K, committed 60240K, reserved 1101824K
  class space    used 7816K, capacity 8403K, committed 8448K, reserved 1048576K
}
Event: 21.275 GC heap after
{Heap after GC invocations=18 (full 0):
 garbage-first heap   total 65536K, used 26660K [0x0000000081e00000, 0x0000000100000000)
  region size 1024K, 2 young (2048K), 2 survivors (2048K)
 Metaspace       used 58662K, capacity 60144K, committed 60240K, reserved 1101824K
  class space    used 7816K, capacity 8403K, committed 8448K, reserved 1048576K
}

Deoptimization events (20 events):
Event: 21.361 Thread 0x000002e03c128800 DEOPT PACKING pc=0x000002e0228721ef sp=0x000000f5724fb2e0
Event: 21.361 Thread 0x000002e03c128800 DEOPT UNPACKING pc=0x000002e021e0964e sp=0x000000f5724fa7e0 mode 0
Event: 21.362 Thread 0x000002e03c128800 DEOPT PACKING pc=0x000002e0228721ef sp=0x000000f5724fb2e0
Event: 21.362 Thread 0x000002e03c128800 DEOPT UNPACKING pc=0x000002e021e0964e sp=0x000000f5724fa7e0 mode 0
Event: 21.363 Thread 0x000002e03c128800 DEOPT PACKING pc=0x000002e0228721ef sp=0x000000f5724fb2e0
Event: 21.363 Thread 0x000002e03c128800 DEOPT UNPACKING pc=0x000002e021e0964e sp=0x000000f5724fa7e0 mode 0
Event: 21.364 Thread 0x000002e03c128800 DEOPT PACKING pc=0x000002e0228721ef sp=0x000000f5724fb2e0
Event: 21.364 Thread 0x000002e03c128800 DEOPT UNPACKING pc=0x000002e021e0964e sp=0x000000f5724fa7e0 mode 0
Event: 21.364 Thread 0x000002e03c128800 DEOPT PACKING pc=0x000002e0228721ef sp=0x000000f5724fb2e0
Event: 21.364 Thread 0x000002e03c128800 DEOPT UNPACKING pc=0x000002e021e0964e sp=0x000000f5724fa7e0 mode 0
Event: 21.365 Thread 0x000002e03c128800 DEOPT PACKING pc=0x000002e0228721ef sp=0x000000f5724fb2e0
Event: 21.365 Thread 0x000002e03c128800 DEOPT UNPACKING pc=0x000002e021e0964e sp=0x000000f5724fa7e0 mode 0
Event: 21.365 Thread 0x000002e03c128800 DEOPT PACKING pc=0x000002e0228721ef sp=0x000000f5724fb2e0
Event: 21.365 Thread 0x000002e03c128800 DEOPT UNPACKING pc=0x000002e021e0964e sp=0x000000f5724fa7e0 mode 0
Event: 21.366 Thread 0x000002e03c128800 DEOPT PACKING pc=0x000002e0228721ef sp=0x000000f5724fb2e0
Event: 21.366 Thread 0x000002e03c128800 DEOPT UNPACKING pc=0x000002e021e0964e sp=0x000000f5724fa7e0 mode 0
Event: 21.366 Thread 0x000002e03c128800 DEOPT PACKING pc=0x000002e0228721ef sp=0x000000f5724fb2e0
Event: 21.366 Thread 0x000002e03c128800 DEOPT UNPACKING pc=0x000002e021e0964e sp=0x000000f5724fa7e0 mode 0
Event: 21.367 Thread 0x000002e03c128800 DEOPT PACKING pc=0x000002e0228721ef sp=0x000000f5724fb2e0
Event: 21.367 Thread 0x000002e03c128800 DEOPT UNPACKING pc=0x000002e021e0964e sp=0x000000f5724fa7e0 mode 0

Classes unloaded (0 events):
No events

Classes redefined (0 events):
No events

Internal exceptions (20 events):
Event: 6.414 Thread 0x000002e01962a800 Exception <a 'java/lang/ClassNotFoundException'{0x0000000084f5bef8}: ua/training/CruiseLineSpring/entity/ShipCustomizer> (0x0000000084f5bef8) 
thrown [./open/src/hotspot/share/classfile/systemDictionary.cpp, line 226]
Event: 6.417 Thread 0x000002e01962a800 Exception <a 'java/lang/ClassNotFoundException'{0x0000000084f8ae40}: java/lang/ObjectCustomizer> (0x0000000084f8ae40) 
thrown [./open/src/hotspot/share/classfile/systemDictionary.cpp, line 226]
Event: 6.418 Thread 0x000002e01962a800 Exception <a 'java/lang/ClassNotFoundException'{0x0000000084f9cf70}: ua/training/CruiseLineSpring/entity/PortCustomizer> (0x0000000084f9cf70) 
thrown [./open/src/hotspot/share/classfile/systemDictionary.cpp, line 226]
Event: 6.491 Thread 0x000002e01962a800 Exception <a 'java/lang/ClassNotFoundException'{0x00000000845a0398}: java/lang/ObjectCustomizer> (0x00000000845a0398) 
thrown [./open/src/hotspot/share/classfile/systemDictionary.cpp, line 226]
Event: 6.492 Thread 0x000002e01962a800 Exception <a 'java/lang/ClassNotFoundException'{0x00000000845b2968}: ua/training/CruiseLineSpring/entity/OrderCustomizer> (0x00000000845b2968) 
thrown [./open/src/hotspot/share/classfile/systemDictionary.cpp, line 226]
Event: 6.514 Thread 0x000002e01962a800 Exception <a 'java/lang/reflect/InvocationTargetException'{0x0000000089d0f1b0}> (0x0000000089d0f1b0) 
thrown [./open/src/hotspot/share/runtime/reflection.cpp, line 1188]
Event: 6.535 Thread 0x000002e01962a800 Exception <a 'java/lang/ClassNotFoundException'{0x0000000085c49a48}: java/lang/ObjectCustomizer> (0x0000000085c49a48) 
thrown [./open/src/hotspot/share/classfile/systemDictionary.cpp, line 226]
Event: 6.536 Thread 0x000002e01962a800 Exception <a 'java/lang/ClassNotFoundException'{0x0000000085c61a80}: org/springframework/security/config/annotation/web/configuration/WebSecurityConfigurationCustomizer> (0x0000000085c61a80) 
thrown [./open/src/hotspot/share/classfile/systemDictionary.cpp, line 226]
Event: 6.536 Thread 0x000002e01962a800 Exception <a 'java/lang/ClassNotFoundException'{0x0000000085c7bef0}: org/springframework/context/annotation/ImportAwareCustomizer> (0x0000000085c7bef0) 
thrown [./open/src/hotspot/share/classfile/systemDictionary.cpp, line 226]
Event: 6.537 Thread 0x000002e01962a800 Exception <a 'java/lang/ClassNotFoundException'{0x0000000085c8af20}: org/springframework/beans/factory/AwareCustomizer> (0x0000000085c8af20) 
thrown [./open/src/hotspot/share/classfile/systemDictionary.cpp, line 226]
Event: 6.537 Thread 0x000002e01962a800 Exception <a 'java/lang/ClassNotFoundException'{0x0000000085c9aeb0}: org/springframework/beans/factory/BeanClassLoaderAwareCustomizer> (0x0000000085c9aeb0) 
thrown [./open/src/hotspot/share/classfile/systemDictionary.cpp, line 226]
Event: 6.537 Thread 0x000002e01962a800 Exception <a 'java/lang/ClassNotFoundException'{0x0000000085ca9c70}: org/springframework/beans/factory/AwareCustomizer> (0x0000000085ca9c70) 
thrown [./open/src/hotspot/share/classfile/systemDictionary.cpp, line 226]
Event: 6.586 Thread 0x000002e01962a800 Implicit null exception at 0x000002e0299b935d to 0x000002e0299b9432
Event: 6.762 Thread 0x000002e01962a800 Exception <a 'java/lang/IncompatibleClassChangeError'{0x0000000084b997a8}: Found class java.lang.Object, but interface was expected> (0x0000000084b997a8) 
thrown [./open/src/hotspot/share/interpreter/linkResolver.cpp, line 832]
Event: 6.790 Thread 0x000002e01962a800 Exception <a 'java/lang/ClassNotFoundException'{0x0000000084997df8}: java/lang/ObjectCustomizer> (0x0000000084997df8) 
thrown [./open/src/hotspot/share/classfile/systemDictionary.cpp, line 226]
Event: 6.791 Thread 0x000002e01962a800 Exception <a 'java/lang/ClassNotFoundException'{0x00000000849afe30}: org/springframework/security/config/annotation/web/configuration/HttpSecurityConfigurationCustomizer> (0x00000000849afe30) 
thrown [./open/src/hotspot/share/classfile/systemDictionary.cpp, line 226]
Event: 7.033 Thread 0x000002e01962a800 Exception <a 'java/lang/NoSuchMethodError'{0x00000000852a8a08}: 'java.lang.Object java.lang.invoke.DirectMethodHandle$Holder.invokeSpecial(java.lang.Object, java.lang.Object, int, java.lang.Object, int, java.lang.Object)'> (0x00000000852a8a08) 
thrown [./open/src/hotspot/share/interpreter/linkResolver.cpp, line 766]
Event: 7.033 Thread 0x000002e01962a800 Exception <a 'java/lang/NoSuchMethodError'{0x00000000852af590}: 'java.lang.Object java.lang.invoke.DirectMethodHandle$Holder.invokeStatic(java.lang.Object, java.lang.Object, int, java.lang.Object, int)'> (0x00000000852af590) 
thrown [./open/src/hotspot/share/interpreter/linkResolver.cpp, line 766]
Event: 7.033 Thread 0x000002e01962a800 Exception <a 'java/lang/NoSuchMethodError'{0x00000000852b2940}: 'java.lang.Object java.lang.invoke.DirectMethodHandle$Holder.invokeSpecial(java.lang.Object, java.lang.Object, java.lang.Object, int, java.lang.Object, int)'> (0x00000000852b2940) 
thrown [./open/src/hotspot/share/interpreter/linkResolver.cpp, line 766]
Event: 7.035 Thread 0x000002e01962a800 Exception <a 'java/lang/NoSuchMethodError'{0x00000000852beae8}: 'void java.lang.invoke.DirectMethodHandle$Holder.invokeVirtual(java.lang.Object, java.lang.Object)'> (0x00000000852beae8) 
thrown [./open/src/hotspot/share/interpreter/linkResolver.cpp, line 766]

Events (20 events):
Event: 21.246 Executing VM operation: HandshakeAllThreads done
Event: 21.271 Executing VM operation: CollectForMetadataAllocation
Event: 21.275 Executing VM operation: CollectForMetadataAllocation done
Event: 21.281 loading class java/util/concurrent/atomic/AtomicReferenceArray
Event: 21.281 loading class java/util/concurrent/atomic/AtomicReferenceArray done
Event: 21.291 Executing VM operation: CollectForMetadataAllocation
Event: 21.291 Executing VM operation: CollectForMetadataAllocation done
Event: 21.297 Executing VM operation: HandshakeOneThread
Event: 21.297 Executing VM operation: HandshakeOneThread done
Event: 21.300 Executing VM operation: HandshakeOneThread
Event: 21.300 Executing VM operation: HandshakeOneThread done
Event: 21.300 Executing VM operation: HandshakeOneThread
Event: 21.300 Executing VM operation: HandshakeOneThread done
Event: 21.304 Thread 0x000002e03d3e5800 Thread added: 0x000002e03d3e5800
Event: 21.307 Executing VM operation: G1Concurrent
Event: 21.309 Executing VM operation: G1Concurrent done
Event: 21.322 Executing VM operation: HandshakeOneThread
Event: 21.322 Executing VM operation: HandshakeOneThread done
Event: 21.328 Executing VM operation: G1Concurrent
Event: 21.328 Executing VM operation: G1Concurrent done


Dynamic libraries:
0x00007ff74d440000 - 0x00007ff74d44d000 	C:\Program Files\Java\jdk-14.0.1\bin\javaw.exe
0x00007ffd185b0000 - 0x00007ffd187a5000 	C:\WINDOWS\SYSTEM32\ntdll.dll
0x00007ffd17660000 - 0x00007ffd1771d000 	C:\WINDOWS\System32\KERNEL32.DLL
0x00007ffd15ea0000 - 0x00007ffd16168000 	C:\WINDOWS\System32\KERNELBASE.dll
0x00007ffd16220000 - 0x00007ffd16320000 	C:\WINDOWS\System32\ucrtbase.dll
0x00007ffd0f5c0000 - 0x00007ffd0f5d5000 	C:\Program Files\Java\jdk-14.0.1\bin\VCRUNTIME140.dll
0x00007ffd0f5a0000 - 0x00007ffd0f5b8000 	C:\Program Files\Java\jdk-14.0.1\bin\jli.dll
0x00007ffd170b0000 - 0x00007ffd17250000 	C:\WINDOWS\System32\USER32.dll
0x00007ffd15d90000 - 0x00007ffd15db2000 	C:\WINDOWS\System32\win32u.dll
0x00007ffcfdbe0000 - 0x00007ffcfde7a000 	C:\WINDOWS\WinSxS\amd64_microsoft.windows.common-controls_6595b64144ccf1df_6.0.19041.844_none_ca00b6081b84eb1d\COMCTL32.dll
0x00007ffd181d0000 - 0x00007ffd181fa000 	C:\WINDOWS\System32\GDI32.dll
0x00007ffd163a0000 - 0x00007ffd164ab000 	C:\WINDOWS\System32\gdi32full.dll
0x00007ffd172f0000 - 0x00007ffd1738e000 	C:\WINDOWS\System32\msvcrt.dll
0x00007ffd15cf0000 - 0x00007ffd15d8d000 	C:\WINDOWS\System32\msvcp_win.dll
0x00007ffd172b0000 - 0x00007ffd172e0000 	C:\WINDOWS\System32\IMM32.DLL
0x00007ffcf7e30000 - 0x00007ffcf7ecb000 	C:\Program Files\Java\jdk-14.0.1\bin\msvcp140.dll
0x00007ffcd0030000 - 0x00007ffcd0b4e000 	C:\Program Files\Java\jdk-14.0.1\bin\server\jvm.dll
0x00007ffd16960000 - 0x00007ffd16a0c000 	C:\WINDOWS\System32\ADVAPI32.dll
0x00007ffd16610000 - 0x00007ffd166ab000 	C:\WINDOWS\System32\sechost.dll
0x00007ffd17390000 - 0x00007ffd174bb000 	C:\WINDOWS\System32\RPCRT4.dll
0x00007ffd17650000 - 0x00007ffd17658000 	C:\WINDOWS\System32\PSAPI.DLL
0x00007ffcff4f0000 - 0x00007ffcff4f9000 	C:\WINDOWS\SYSTEM32\WSOCK32.dll
0x00007ffd01910000 - 0x00007ffd01937000 	C:\WINDOWS\SYSTEM32\WINMM.dll
0x00007ffd08450000 - 0x00007ffd0845a000 	C:\WINDOWS\SYSTEM32\VERSION.dll
0x00007ffd18430000 - 0x00007ffd1849b000 	C:\WINDOWS\System32\WS2_32.dll
0x00007ffd145d0000 - 0x00007ffd145e2000 	C:\WINDOWS\SYSTEM32\kernel.appcore.dll
0x00007ffd100c0000 - 0x00007ffd100ca000 	C:\Program Files\Java\jdk-14.0.1\bin\jimage.dll
0x00007ffd0faa0000 - 0x00007ffd0fc84000 	C:\WINDOWS\SYSTEM32\DBGHELP.DLL
0x00007ffd083d0000 - 0x00007ffd083fc000 	C:\WINDOWS\SYSTEM32\dbgcore.DLL
0x00007ffd15e20000 - 0x00007ffd15ea0000 	C:\WINDOWS\System32\bcryptPrimitives.dll
0x00007ffd0f450000 - 0x00007ffd0f475000 	C:\Program Files\Java\jdk-14.0.1\bin\java.dll
0x00007ffd03d90000 - 0x00007ffd03da6000 	C:\Program Files\Java\jdk-14.0.1\bin\zip.dll
0x00007ffd17a80000 - 0x00007ffd181c2000 	C:\WINDOWS\System32\SHELL32.dll
0x00007ffd13be0000 - 0x00007ffd14371000 	C:\WINDOWS\SYSTEM32\windows.storage.dll
0x00007ffd17720000 - 0x00007ffd17a75000 	C:\WINDOWS\System32\combase.dll
0x00007ffd15690000 - 0x00007ffd156bc000 	C:\WINDOWS\SYSTEM32\Wldp.dll
0x00007ffd16840000 - 0x00007ffd168ee000 	C:\WINDOWS\System32\SHCORE.dll
0x00007ffd17250000 - 0x00007ffd172a5000 	C:\WINDOWS\System32\shlwapi.dll
0x00007ffd15c30000 - 0x00007ffd15c4f000 	C:\WINDOWS\SYSTEM32\profapi.dll
0x00007ffd03d70000 - 0x00007ffd03d89000 	C:\Program Files\Java\jdk-14.0.1\bin\net.dll
0x00007ffd0c780000 - 0x00007ffd0c88b000 	C:\WINDOWS\SYSTEM32\WINHTTP.dll
0x00007ffd15470000 - 0x00007ffd154da000 	C:\WINDOWS\system32\mswsock.dll
0x00007ffd03d50000 - 0x00007ffd03d62000 	C:\Program Files\Java\jdk-14.0.1\bin\nio.dll
0x00007ffd10080000 - 0x00007ffd10090000 	C:\Program Files\Java\jdk-14.0.1\bin\verify.dll
0x00007ffd0f4f0000 - 0x00007ffd0f4f9000 	C:\Program Files\Java\jdk-14.0.1\bin\management.dll
0x00007ffd0f440000 - 0x00007ffd0f44b000 	C:\Program Files\Java\jdk-14.0.1\bin\management_ext.dll
0x00007ffcf8ac0000 - 0x00007ffcf8ad7000 	C:\WINDOWS\system32\napinsp.dll
0x00007ffcf8aa0000 - 0x00007ffcf8abb000 	C:\WINDOWS\system32\pnrpnsp.dll
0x00007ffd10a00000 - 0x00007ffd10a15000 	C:\WINDOWS\system32\wshbth.dll
0x00007ffd0ded0000 - 0x00007ffd0deed000 	C:\WINDOWS\system32\NLAapi.dll
0x00007ffd15130000 - 0x00007ffd1516b000 	C:\WINDOWS\SYSTEM32\IPHLPAPI.DLL
0x00007ffd15170000 - 0x00007ffd1523c000 	C:\WINDOWS\SYSTEM32\DNSAPI.dll
0x00007ffd16950000 - 0x00007ffd16958000 	C:\WINDOWS\System32\NSI.dll
0x00007ffcf8a80000 - 0x00007ffcf8a92000 	C:\WINDOWS\System32\winrnr.dll
0x00007ffd0dca0000 - 0x00007ffd0dcaa000 	C:\Windows\System32\rasadhlp.dll
0x00007ffd0c100000 - 0x00007ffd0c17f000 	C:\WINDOWS\System32\fwpuclnt.dll
0x00007ffd16320000 - 0x00007ffd16347000 	C:\WINDOWS\System32\bcrypt.dll
0x00007ffd156d0000 - 0x00007ffd156e8000 	C:\WINDOWS\SYSTEM32\CRYPTSP.dll
0x00007ffd14dc0000 - 0x00007ffd14df4000 	C:\WINDOWS\system32\rsaenh.dll
0x00007ffd15bf0000 - 0x00007ffd15c1e000 	C:\WINDOWS\SYSTEM32\USERENV.dll
0x00007ffd155f0000 - 0x00007ffd155fc000 	C:\WINDOWS\SYSTEM32\CRYPTBASE.dll
0x00007ffd0d700000 - 0x00007ffd0d717000 	C:\WINDOWS\SYSTEM32\dhcpcsvc6.DLL
0x00007ffd0cba0000 - 0x00007ffd0cbbd000 	C:\WINDOWS\SYSTEM32\dhcpcsvc.DLL
0x00007ffd0efc0000 - 0x00007ffd0efce000 	C:\Program Files\Java\jdk-14.0.1\bin\sunmscapi.dll
0x00007ffd164b0000 - 0x00007ffd1660f000 	C:\WINDOWS\System32\CRYPT32.dll
0x00007ffd157d0000 - 0x00007ffd157f7000 	C:\WINDOWS\SYSTEM32\ncrypt.dll
0x00007ffd15790000 - 0x00007ffd157cb000 	C:\WINDOWS\SYSTEM32\NTASN1.dll
0x00007ffcf75b0000 - 0x00007ffcf75d5000 	C:\Program Files\Java\jdk-14.0.1\bin\sunec.dll

dbghelp: loaded successfully - version: 4.0.5 - missing functions: none
symbol engine: initialized successfully - sym options: 0x614 - pdb path: .;C:\Program Files\Java\jdk-14.0.1\bin;C:\WINDOWS\SYSTEM32;C:\WINDOWS\WinSxS\amd64_microsoft.windows.common-controls_6595b64144ccf1df_6.0.19041.844_none_ca00b6081b84eb1d;C:\Program Files\Java\jdk-14.0.1\bin\server

VM Arguments:
jvm_args: -Dfile.encoding=UTF-8 
java_command: ua.training.CruiseLineSpring.CruiseLineSpringApplication
java_class_path (initial): E:\Projects\java_projects\training\epam\CruiseLine\CruiseLine-Spring\target\classes;C:\Users\diman\.m2\repository\org\springframework\boot\spring-boot-starter-data-jpa\2.4.4\spring-boot-starter-data-jpa-2.4.4.jar;C:\Users\diman\.m2\repository\org\springframework\boot\spring-boot-starter-aop\2.4.4\spring-boot-starter-aop-2.4.4.jar;C:\Users\diman\.m2\repository\org\aspectj\aspectjweaver\1.9.6\aspectjweaver-1.9.6.jar;C:\Users\diman\.m2\repository\org\springframework\boot\spring-boot-starter-jdbc\2.4.4\spring-boot-starter-jdbc-2.4.4.jar;C:\Users\diman\.m2\repository\com\zaxxer\HikariCP\3.4.5\HikariCP-3.4.5.jar;C:\Users\diman\.m2\repository\org\springframework\spring-jdbc\5.3.5\spring-jdbc-5.3.5.jar;C:\Users\diman\.m2\repository\jakarta\transaction\jakarta.transaction-api\1.3.3\jakarta.transaction-api-1.3.3.jar;C:\Users\diman\.m2\repository\jakarta\persistence\jakarta.persistence-api\2.2.3\jakarta.persistence-api-2.2.3.jar;C:\Users\diman\.m2\repository\org\hibernate\hibernate-core\5.4.29.Final\hibernate-core-5.4.29.Final.jar;C:\Users\diman\.m2\repository\org\jboss\logging\jboss-logging\3.4.1.Final\jboss-logging-3.4.1.Final.jar;C:\Users\diman\.m2\repository\org\javassist\javassist\3.27.0-GA\javassist-3.27.0-GA.jar;C:\Users\diman\.m2\repository\net\bytebuddy\byte-buddy\1.10.22\byte-buddy-1.10.22.jar;C:\Users\diman\.m2\repository\antlr\antlr\2.7.7\antlr-2.7.7.jar;C:\Users\diman\.m2\repository\org\jboss\jandex\2.2.3.Final\jandex-2.2.3.Final.jar;C:\Users\diman\.m2\repository\com\fasterxml\classmate\1.5.1\classmate-1.5.1.jar;C:\Users\diman\.m2\repository\org\dom4j\dom4j\2.1.3\dom4j-2.1.3.jar;C:\Users\diman\.m2\repository\org\hibernate\common\hibernate-commons-annotations\5.1.2.Final\hibernate-commons-annotations-5.1.2.Final.jar;C:\Users\diman\.m2\repository\org\glassfish\jaxb\jaxb-runtime\2.3.3\jaxb-runtime-2.3.3.jar;C:\Users\diman\.m2\repository\org\glassfish\jaxb\txw2\2.3.3\txw2-2.3.3.jar;C:\Users\diman\.m2\repository\com\sun\istack\istack-common
Launcher Type: SUN_STANDARD

[Global flags]
     intx CICompilerCount                          = 4                                         {product} {ergonomic}
     uint ConcGCThreads                            = 2                                         {product} {ergonomic}
     uint G1ConcRefinementThreads                  = 8                                         {product} {ergonomic}
   size_t G1HeapRegionSize                         = 1048576                                   {product} {ergonomic}
    uintx GCDrainStackTargetSize                   = 64                                        {product} {ergonomic}
   size_t InitialHeapSize                          = 134217728                                 {product} {ergonomic}
   size_t MarkStackSize                            = 4194304                                   {product} {ergonomic}
   size_t MaxHeapSize                              = 2116026368                                {product} {ergonomic}
   size_t MaxNewSize                               = 1268776960                                {product} {ergonomic}
   size_t MinHeapDeltaBytes                        = 1048576                                   {product} {ergonomic}
   size_t MinHeapSize                              = 8388608                                   {product} {ergonomic}
    uintx NonNMethodCodeHeapSize                   = 5839372                                {pd product} {ergonomic}
    uintx NonProfiledCodeHeapSize                  = 122909434                              {pd product} {ergonomic}
    uintx ProfiledCodeHeapSize                     = 122909434                              {pd product} {ergonomic}
    uintx ReservedCodeCacheSize                    = 251658240                              {pd product} {ergonomic}
     bool SegmentedCodeCache                       = true                                      {product} {ergonomic}
   size_t SoftMaxHeapSize                          = 2116026368                             {manageable} {ergonomic}
     bool UseCompressedClassPointers               = true                                 {lp64_product} {ergonomic}
     bool UseCompressedOops                        = true                                 {lp64_product} {ergonomic}
     bool UseG1GC                                  = true                                      {product} {ergonomic}
     bool UseLargePagesIndividualAllocation        = false                                  {pd product} {ergonomic}

Logging:
Log output configuration:
 #0: stdout all=warning uptime,level,tags
 #1: stderr all=off uptime,level,tags

Environment Variables:
PATH=E:/Program/forJava/jdk 1.8/bin/../jre/bin/server;E:/Program/forJava/jdk 1.8/bin/../jre/bin;E:/Program/forJava/jdk 1.8/bin/../jre/lib/amd64;C:\Python39\Scripts\;C:\Python39\;E:\Univer\3 курс 2 семестр\МтаМ-2\Avr\bin;C:\Program Files\Java\jdk-14.0.1;E:\Program\forJava\jdk 1.8\bin;E:\Program\Univer\app\oracle\product\11.2.0\server\bin;C:\Program Files (x86)\Common Files\Oracle\Java\javapath;C:\WINDOWS\system32;C:\WINDOWS;C:\WINDOWS\System32\Wbem;C:\WINDOWS\System32\WindowsPowerShell\v1.0\;C:\WINDOWS\System32\OpenSSH\;C:\Program Files\Intel\WiFi\bin\;C:\Program Files\Common Files\Intel\WirelessCommon\;C:\Program Files\dotnet\;C:\Program Files\Microsoft SQL Server\130\Tools\Binn\;C:\Program Files\Git\cmd;E:\Univer\Matlab\runtime\win64;E:\Univer\Matlab2019hack\runtime\win64;E:\Univer\Matlab2019hack\bin;E:\Univer\Matlab2019hack\polyspace\bin;E:\Univer\Matlab\bin;E:\Univer\Matlab\polyspace\bin;C:\Program Files\Packer;;C:\Program Files\Docker\Docker\resources\bin;C:\ProgramData\DockerDesktop\version-bin;E:\Program\Programing\;C:\ProgramData\chocolatey\bin;E:\Univer\3 курс 1 семестр\Мікропр. та мікроконтр с-ми-2\tcl\bin;C:\Program Files\Java\jdk-14.0.1\bin;C:\Users\diman\AppData\Local\Programs\Python\Python37-32\Scripts\;C:\Users\diman\AppData\Local\Programs\Python\Python37-32\;C:\Users\diman\.dotnet\tools;E:\Univer\3 курс 2 семестр\МтаМ-2\Avr\bin;C:\Program Files\Java\jdk-14.0.1;E:\Program\forJava\jdk 1.8\bin;E:\Program\Univer\app\oracle\product\11.2.0\server\bin;C:\Program Files (x86)\Common Files\Oracle\Java\javapath;C:\Windows\system32;C:\Windows;C:\Windows\System32\Wbem;C:\Windows\System32\WindowsPowerShell\v1.0\;C:\Windows\System32\OpenSSH\;C:\Program Files\Intel\WiFi\bin\;C:\Program Files\Common Files\Intel\WirelessCommon\;C:\Program Files\dotnet\;C:\Program Files\Microsoft SQL Server\130\Tools\Binn\;C:\Program Files\Git\cmd;E:\Univer\Matlab\runtime\win64;E:\Univer\Matlab2019hack\runtime\win64;E:\Univer\Matlab2019hack\bin;E:\Univer\Matlab2019hack\polyspace\bin;E:\Uni
USERNAME=diman
OS=Windows_NT
PROCESSOR_IDENTIFIER=Intel64 Family 6 Model 142 Stepping 10, GenuineIntel



---------------  S Y S T E M  ---------------

OS: Windows 10 , 64 bit Build 19041 (10.0.19041.928)
OS uptime: 9 days 3:42 hours
HyperV virtualization detected

CPU:total 8 (initial active 8) (4 cores per cpu, 2 threads per core) family 6 model 142 stepping 10, cmov, cx8, fxsr, mmx, sse, sse2, sse3, ssse3, sse4.1, sse4.2, popcnt, avx, avx2, aes, clmul, erms, 3dnowpref, lzcnt, ht, tsc, tscinvbit, bmi1, bmi2, adx, fma

Memory: 4k page, system-wide physical 8071M (388M free)
TotalPageFile size 20869M (AvailPageFile size 1M)
current process WorkingSet (physical memory assigned to process): 232M, peak: 254M
current process commit charge ("private bytes"): 276M, peak: 295M

vm_info: OpenJDK 64-Bit Server VM (14.0.1+7) for windows-amd64 JRE (14.0.1+7), built on Mar  5 2020 10:30:04 by "mach5one" with MS VC++ 15.9 (VS2017)

END.
